20:43 INFO    : Generating Lens Data
20:43 INFO    : Lens Data Generated
20:45 INFO    : Generating Lens Data
20:46 INFO    : Lens Data Generated
20:46 INFO    : Generating Lens Data
20:47 INFO    : Lens Data Generated
20:47 INFO    : Generating Lens Data
20:47 INFO    : Lens Data Generated
20:47 INFO    : Waveform generator initiated with
  frequency_domain_source_model: gravelamps.lensing.BBH_lensed_waveform
  time_domain_source_model: None
  parameter_conversion: bilby.gw.conversion.convert_to_lal_binary_black_hole_parameters
20:49 INFO    : Generating Lens Data
20:49 INFO    : Lens Data Generated
20:49 INFO    : Waveform generator initiated with
  frequency_domain_source_model: gravelamps.lensing.BBH_lensed_waveform
  time_domain_source_model: None
  parameter_conversion: bilby.gw.conversion.convert_to_lal_binary_black_hole_parameters
20:49 INFO    : Injected signal in H1:
20:49 INFO    :   optimal SNR = nan
20:49 INFO    :   matched filter SNR = nan+nanj
20:49 INFO    :   mass_1 = 36.0
20:49 INFO    :   mass_2 = 29.0
20:49 INFO    :   a_1 = 0.4
20:49 INFO    :   a_2 = 0.3
20:49 INFO    :   tilt_1 = 0.5
20:49 INFO    :   tilt_2 = 1.0
20:49 INFO    :   phi_12 = 1.7
20:49 INFO    :   phi_jl = 0.3
20:49 INFO    :   luminosity_distance = 410.0
20:49 INFO    :   theta_jn = 0.4
20:49 INFO    :   phase = 1.3
20:49 INFO    :   ra = 1.375
20:49 INFO    :   dec = 1.12108
20:49 INFO    :   psi = 2.659
20:49 INFO    :   lens_mass = 50.0
20:49 INFO    :   source_position = 0.1
20:49 INFO    :   lens_fractional_distance = 0.5
20:49 INFO    :   chirp_mass = 28.09555579546043
20:49 INFO    :   mass_ratio = 0.8055555555555556
20:49 INFO    :   geocent_time = 1126259642.413
20:49 INFO    : Injected signal in L1:
20:49 INFO    :   optimal SNR = nan
20:49 INFO    :   matched filter SNR = nan+nanj
20:49 INFO    :   mass_1 = 36.0
20:49 INFO    :   mass_2 = 29.0
20:49 INFO    :   a_1 = 0.4
20:49 INFO    :   a_2 = 0.3
20:49 INFO    :   tilt_1 = 0.5
20:49 INFO    :   tilt_2 = 1.0
20:49 INFO    :   phi_12 = 1.7
20:49 INFO    :   phi_jl = 0.3
20:49 INFO    :   luminosity_distance = 410.0
20:49 INFO    :   theta_jn = 0.4
20:49 INFO    :   phase = 1.3
20:49 INFO    :   ra = 1.375
20:49 INFO    :   dec = 1.12108
20:49 INFO    :   psi = 2.659
20:49 INFO    :   lens_mass = 50.0
20:49 INFO    :   source_position = 0.1
20:49 INFO    :   lens_fractional_distance = 0.5
20:49 INFO    :   chirp_mass = 28.09555579546043
20:49 INFO    :   mass_ratio = 0.8055555555555556
20:49 INFO    :   geocent_time = 1126259642.413
20:49 INFO    : Waveform generator initiated with
  frequency_domain_source_model: bilby.gw.source.lal_binary_black_hole
  time_domain_source_model: None
  parameter_conversion: bilby.gw.conversion.convert_to_lal_binary_black_hole_parameters
20:49 INFO    : Running for label 'example_unlensed', output will be saved to 'outdir_example'
20:49 INFO    : Using lal version 7.1.1.1
20:49 INFO    : Using lal git version Branch: None;Tag: None;Id: 75be38a420004cc50011e268b66a7ab05f83fc2b;;Builder: Unknown User <>;Repository status: UNCLEAN: Modified working tree
20:49 INFO    : Using lalsimulation version 2.5.0.1
20:49 INFO    : Using lalsimulation git version Branch: None;Tag: None;Id: 75be38a420004cc50011e268b66a7ab05f83fc2b;;Builder: Unknown User <>;Repository status: UNCLEAN: Modified working tree
20:49 INFO    : Search parameters:
20:49 INFO    :   chirp_mass = Uniform(minimum=22, maximum=80, name='chirp_mass', latex_label='$\\mathcal{M}$', unit='$M_{\\odot}$', boundary=None)
20:49 INFO    :   mass_ratio = Uniform(minimum=0.125, maximum=1, name='mass_ratio', latex_label='$q$', unit=None, boundary=None)
20:49 INFO    :   a_1 = Uniform(minimum=0, maximum=0.88, name='a_1', latex_label='$a_1$', unit=None, boundary=None)
20:49 INFO    :   a_2 = Uniform(minimum=0, maximum=0.88, name='a_2', latex_label='$a_2$', unit=None, boundary=None)
20:49 INFO    :   tilt_1 = Sine(minimum=0, maximum=3.141592653589793, name='tilt_1', latex_label='$\\theta_1$', unit=None, boundary=None)
20:49 INFO    :   tilt_2 = Sine(minimum=0, maximum=3.141592653589793, name='tilt_2', latex_label='$\\theta_2$', unit=None, boundary=None)
20:49 INFO    :   phi_12 = Uniform(minimum=0, maximum=6.283185307179586, name='phi_12', latex_label='$\\Delta\\phi$', unit=None, boundary='periodic')
20:49 INFO    :   phi_jl = Uniform(minimum=0, maximum=6.283185307179586, name='phi_jl', latex_label='$\\phi_{JL}$', unit=None, boundary='periodic')
20:49 INFO    :   luminosity_distance = PowerLaw(alpha=2, minimum=100.0, maximum=15000, name='luminosity_distance', latex_label='$d_L$', unit='Mpc', boundary=None)
20:49 INFO    :   dec = Cosine(minimum=-1.5707963267948966, maximum=1.5707963267948966, name='dec', latex_label='$\\mathrm{DEC}$', unit=None, boundary=None)
20:49 INFO    :   ra = Uniform(minimum=0, maximum=6.283185307179586, name='ra', latex_label='$\\mathrm{RA}$', unit=None, boundary='periodic')
20:49 INFO    :   theta_jn = Sine(minimum=0, maximum=3.141592653589793, name='theta_jn', latex_label='$\\theta_{JN}$', unit=None, boundary=None)
20:49 INFO    :   psi = Uniform(minimum=0, maximum=3.141592653589793, name='psi', latex_label='$\\psi$', unit=None, boundary='periodic')
20:49 INFO    :   phase = Uniform(minimum=0, maximum=6.283185307179586, name='phase', latex_label='$\\phi$', unit=None, boundary='periodic')
20:49 INFO    :   impact_parameter = Uniform(minimum=0, maximum=3.0, name='$y$', latex_label='$y$', unit=None, boundary=None)
20:49 INFO    :   mass_1 = Constraint(minimum=1.001398, maximum=1000, name='mass_1', latex_label='$m_1$', unit=None)
20:49 INFO    :   mass_2 = Constraint(minimum=1.001398, maximum=1000, name='mass_2', latex_label='$m_2$', unit=None)
20:49 INFO    :   lens_mass = 0
20:49 INFO    :   lens_fractional_distance = 0
20:49 INFO    :   source_position = 0
20:52 INFO    : Generating Lens Data
20:52 INFO    : Lens Data Generated
20:52 INFO    : Waveform generator initiated with
  frequency_domain_source_model: gravelamps.lensing.BBH_lensed_waveform
  time_domain_source_model: None
  parameter_conversion: bilby.gw.conversion.convert_to_lal_binary_black_hole_parameters
20:53 INFO    : Generating Lens Data
20:53 INFO    : Lens Data Generated
20:53 INFO    : Waveform generator initiated with
  frequency_domain_source_model: gravelamps.lensing.BBH_lensed_waveform
  time_domain_source_model: None
  parameter_conversion: bilby.gw.conversion.convert_to_lal_binary_black_hole_parameters
20:53 INFO    : Injected signal in H1:
20:53 INFO    :   optimal SNR = nan
20:53 INFO    :   matched filter SNR = nan+nanj
20:53 INFO    :   mass_1 = 36.0
20:53 INFO    :   mass_2 = 29.0
20:53 INFO    :   a_1 = 0.4
20:53 INFO    :   a_2 = 0.3
20:53 INFO    :   tilt_1 = 0.5
20:53 INFO    :   tilt_2 = 1.0
20:53 INFO    :   phi_12 = 1.7
20:53 INFO    :   phi_jl = 0.3
20:53 INFO    :   luminosity_distance = 410.0
20:53 INFO    :   theta_jn = 0.4
20:53 INFO    :   phase = 1.3
20:53 INFO    :   ra = 1.375
20:53 INFO    :   dec = 1.12108
20:53 INFO    :   psi = 2.659
20:53 INFO    :   lens_mass = 50.0
20:53 INFO    :   source_position = 0.1
20:53 INFO    :   lens_fractional_distance = 0.5
20:53 INFO    :   chirp_mass = 28.09555579546043
20:53 INFO    :   mass_ratio = 0.8055555555555556
20:53 INFO    :   geocent_time = 1126259642.413
20:53 INFO    : Injected signal in L1:
20:53 INFO    :   optimal SNR = nan
20:53 INFO    :   matched filter SNR = nan+nanj
20:53 INFO    :   mass_1 = 36.0
20:53 INFO    :   mass_2 = 29.0
20:53 INFO    :   a_1 = 0.4
20:53 INFO    :   a_2 = 0.3
20:53 INFO    :   tilt_1 = 0.5
20:53 INFO    :   tilt_2 = 1.0
20:53 INFO    :   phi_12 = 1.7
20:53 INFO    :   phi_jl = 0.3
20:53 INFO    :   luminosity_distance = 410.0
20:53 INFO    :   theta_jn = 0.4
20:53 INFO    :   phase = 1.3
20:53 INFO    :   ra = 1.375
20:53 INFO    :   dec = 1.12108
20:53 INFO    :   psi = 2.659
20:53 INFO    :   lens_mass = 50.0
20:53 INFO    :   source_position = 0.1
20:53 INFO    :   lens_fractional_distance = 0.5
20:53 INFO    :   chirp_mass = 28.09555579546043
20:53 INFO    :   mass_ratio = 0.8055555555555556
20:53 INFO    :   geocent_time = 1126259642.413
20:53 INFO    : Waveform generator initiated with
  frequency_domain_source_model: bilby.gw.source.lal_binary_black_hole
  time_domain_source_model: None
  parameter_conversion: bilby.gw.conversion.convert_to_lal_binary_black_hole_parameters
20:53 INFO    : Running for label 'example_unlensed', output will be saved to 'outdir_example'
20:53 INFO    : Using lal version 7.1.1.1
20:53 INFO    : Using lal git version Branch: None;Tag: None;Id: 75be38a420004cc50011e268b66a7ab05f83fc2b;;Builder: Unknown User <>;Repository status: UNCLEAN: Modified working tree
20:53 INFO    : Using lalsimulation version 2.5.0.1
20:53 INFO    : Using lalsimulation git version Branch: None;Tag: None;Id: 75be38a420004cc50011e268b66a7ab05f83fc2b;;Builder: Unknown User <>;Repository status: UNCLEAN: Modified working tree
20:53 INFO    : Search parameters:
20:53 INFO    :   chirp_mass = Uniform(minimum=22, maximum=80, name='chirp_mass', latex_label='$\\mathcal{M}$', unit='$M_{\\odot}$', boundary=None)
20:53 INFO    :   mass_ratio = Uniform(minimum=0.125, maximum=1, name='mass_ratio', latex_label='$q$', unit=None, boundary=None)
20:53 INFO    :   a_1 = Uniform(minimum=0, maximum=0.88, name='a_1', latex_label='$a_1$', unit=None, boundary=None)
20:53 INFO    :   a_2 = Uniform(minimum=0, maximum=0.88, name='a_2', latex_label='$a_2$', unit=None, boundary=None)
20:53 INFO    :   tilt_1 = Sine(minimum=0, maximum=3.141592653589793, name='tilt_1', latex_label='$\\theta_1$', unit=None, boundary=None)
20:53 INFO    :   tilt_2 = Sine(minimum=0, maximum=3.141592653589793, name='tilt_2', latex_label='$\\theta_2$', unit=None, boundary=None)
20:53 INFO    :   phi_12 = Uniform(minimum=0, maximum=6.283185307179586, name='phi_12', latex_label='$\\Delta\\phi$', unit=None, boundary='periodic')
20:53 INFO    :   phi_jl = Uniform(minimum=0, maximum=6.283185307179586, name='phi_jl', latex_label='$\\phi_{JL}$', unit=None, boundary='periodic')
20:53 INFO    :   luminosity_distance = PowerLaw(alpha=2, minimum=100.0, maximum=15000, name='luminosity_distance', latex_label='$d_L$', unit='Mpc', boundary=None)
20:53 INFO    :   dec = Cosine(minimum=-1.5707963267948966, maximum=1.5707963267948966, name='dec', latex_label='$\\mathrm{DEC}$', unit=None, boundary=None)
20:53 INFO    :   ra = Uniform(minimum=0, maximum=6.283185307179586, name='ra', latex_label='$\\mathrm{RA}$', unit=None, boundary='periodic')
20:53 INFO    :   theta_jn = Sine(minimum=0, maximum=3.141592653589793, name='theta_jn', latex_label='$\\theta_{JN}$', unit=None, boundary=None)
20:53 INFO    :   psi = Uniform(minimum=0, maximum=3.141592653589793, name='psi', latex_label='$\\psi$', unit=None, boundary='periodic')
20:53 INFO    :   phase = Uniform(minimum=0, maximum=6.283185307179586, name='phase', latex_label='$\\phi$', unit=None, boundary='periodic')
20:53 INFO    :   impact_parameter = Uniform(minimum=0, maximum=3.0, name='$y$', latex_label='$y$', unit=None, boundary=None)
20:53 INFO    :   mass_1 = Constraint(minimum=1.001398, maximum=1000, name='mass_1', latex_label='$m_1$', unit=None)
20:53 INFO    :   mass_2 = Constraint(minimum=1.001398, maximum=1000, name='mass_2', latex_label='$m_2$', unit=None)
20:53 INFO    :   lens_mass = 0
20:53 INFO    :   lens_fractional_distance = 0
20:53 INFO    :   source_position = 0
20:55 INFO    : Generating Lens Data
20:55 INFO    : Lens Data Generated
20:55 INFO    : Waveform generator initiated with
  frequency_domain_source_model: gravelamps.lensing.BBH_lensed_waveform
  time_domain_source_model: None
  parameter_conversion: bilby.gw.conversion.convert_to_lal_binary_black_hole_parameters
20:55 INFO    : Injected signal in H1:
20:55 INFO    :   optimal SNR = nan
20:55 INFO    :   matched filter SNR = nan+nanj
20:55 INFO    :   mass_1 = 36.0
20:55 INFO    :   mass_2 = 29.0
20:55 INFO    :   a_1 = 0.4
20:55 INFO    :   a_2 = 0.3
20:55 INFO    :   tilt_1 = 0.5
20:55 INFO    :   tilt_2 = 1.0
20:55 INFO    :   phi_12 = 1.7
20:55 INFO    :   phi_jl = 0.3
20:55 INFO    :   luminosity_distance = 410.0
20:55 INFO    :   theta_jn = 0.4
20:55 INFO    :   phase = 1.3
20:55 INFO    :   ra = 1.375
20:55 INFO    :   dec = 1.12108
20:55 INFO    :   psi = 2.659
20:55 INFO    :   lens_mass = 50.0
20:55 INFO    :   source_position = 0.1
20:55 INFO    :   lens_fractional_distance = 0.5
20:55 INFO    :   chirp_mass = 28.09555579546043
20:55 INFO    :   mass_ratio = 0.8055555555555556
20:55 INFO    :   geocent_time = 1126259642.413
20:55 INFO    : Injected signal in L1:
20:55 INFO    :   optimal SNR = nan
20:55 INFO    :   matched filter SNR = nan+nanj
20:55 INFO    :   mass_1 = 36.0
20:55 INFO    :   mass_2 = 29.0
20:55 INFO    :   a_1 = 0.4
20:55 INFO    :   a_2 = 0.3
20:55 INFO    :   tilt_1 = 0.5
20:55 INFO    :   tilt_2 = 1.0
20:55 INFO    :   phi_12 = 1.7
20:55 INFO    :   phi_jl = 0.3
20:55 INFO    :   luminosity_distance = 410.0
20:55 INFO    :   theta_jn = 0.4
20:55 INFO    :   phase = 1.3
20:55 INFO    :   ra = 1.375
20:55 INFO    :   dec = 1.12108
20:55 INFO    :   psi = 2.659
20:55 INFO    :   lens_mass = 50.0
20:55 INFO    :   source_position = 0.1
20:55 INFO    :   lens_fractional_distance = 0.5
20:55 INFO    :   chirp_mass = 28.09555579546043
20:55 INFO    :   mass_ratio = 0.8055555555555556
20:55 INFO    :   geocent_time = 1126259642.413
20:55 INFO    : Waveform generator initiated with
  frequency_domain_source_model: bilby.gw.source.lal_binary_black_hole
  time_domain_source_model: None
  parameter_conversion: bilby.gw.conversion.convert_to_lal_binary_black_hole_parameters
20:55 INFO    : 1126259642.413
20:55 INFO    : Running for label 'example_unlensed', output will be saved to 'outdir_example'
20:55 INFO    : Using lal version 7.1.1.1
20:55 INFO    : Using lal git version Branch: None;Tag: None;Id: 75be38a420004cc50011e268b66a7ab05f83fc2b;;Builder: Unknown User <>;Repository status: UNCLEAN: Modified working tree
20:55 INFO    : Using lalsimulation version 2.5.0.1
20:55 INFO    : Using lalsimulation git version Branch: None;Tag: None;Id: 75be38a420004cc50011e268b66a7ab05f83fc2b;;Builder: Unknown User <>;Repository status: UNCLEAN: Modified working tree
20:55 INFO    : Search parameters:
20:55 INFO    :   chirp_mass = Uniform(minimum=22, maximum=80, name='chirp_mass', latex_label='$\\mathcal{M}$', unit='$M_{\\odot}$', boundary=None)
20:55 INFO    :   mass_ratio = Uniform(minimum=0.125, maximum=1, name='mass_ratio', latex_label='$q$', unit=None, boundary=None)
20:55 INFO    :   a_1 = Uniform(minimum=0, maximum=0.88, name='a_1', latex_label='$a_1$', unit=None, boundary=None)
20:55 INFO    :   a_2 = Uniform(minimum=0, maximum=0.88, name='a_2', latex_label='$a_2$', unit=None, boundary=None)
20:55 INFO    :   tilt_1 = Sine(minimum=0, maximum=3.141592653589793, name='tilt_1', latex_label='$\\theta_1$', unit=None, boundary=None)
20:55 INFO    :   tilt_2 = Sine(minimum=0, maximum=3.141592653589793, name='tilt_2', latex_label='$\\theta_2$', unit=None, boundary=None)
20:55 INFO    :   phi_12 = Uniform(minimum=0, maximum=6.283185307179586, name='phi_12', latex_label='$\\Delta\\phi$', unit=None, boundary='periodic')
20:55 INFO    :   phi_jl = Uniform(minimum=0, maximum=6.283185307179586, name='phi_jl', latex_label='$\\phi_{JL}$', unit=None, boundary='periodic')
20:55 INFO    :   luminosity_distance = PowerLaw(alpha=2, minimum=100.0, maximum=15000, name='luminosity_distance', latex_label='$d_L$', unit='Mpc', boundary=None)
20:55 INFO    :   dec = Cosine(minimum=-1.5707963267948966, maximum=1.5707963267948966, name='dec', latex_label='$\\mathrm{DEC}$', unit=None, boundary=None)
20:55 INFO    :   ra = Uniform(minimum=0, maximum=6.283185307179586, name='ra', latex_label='$\\mathrm{RA}$', unit=None, boundary='periodic')
20:55 INFO    :   theta_jn = Sine(minimum=0, maximum=3.141592653589793, name='theta_jn', latex_label='$\\theta_{JN}$', unit=None, boundary=None)
20:55 INFO    :   psi = Uniform(minimum=0, maximum=3.141592653589793, name='psi', latex_label='$\\psi$', unit=None, boundary='periodic')
20:55 INFO    :   phase = Uniform(minimum=0, maximum=6.283185307179586, name='phase', latex_label='$\\phi$', unit=None, boundary='periodic')
20:55 INFO    :   impact_parameter = Uniform(minimum=0, maximum=3.0, name='$y$', latex_label='$y$', unit=None, boundary=None)
20:55 INFO    :   mass_1 = Constraint(minimum=1.001398, maximum=1000, name='mass_1', latex_label='$m_1$', unit=None)
20:55 INFO    :   mass_2 = Constraint(minimum=1.001398, maximum=1000, name='mass_2', latex_label='$m_2$', unit=None)
20:55 INFO    :   lens_mass = 0
20:55 INFO    :   lens_fractional_distance = 0
20:55 INFO    :   source_position = 0
21:03 INFO    : Generating Lens Data
21:03 INFO    : Lens Data Generated
21:03 INFO    : Waveform generator initiated with
  frequency_domain_source_model: gravelamps.lensing.BBH_lensed_waveform
  time_domain_source_model: None
  parameter_conversion: bilby.gw.conversion.convert_to_lal_binary_black_hole_parameters
21:03 INFO    : Injected signal in H1:
21:03 INFO    :   optimal SNR = nan
21:03 INFO    :   matched filter SNR = nan+nanj
21:03 INFO    :   mass_1 = 36.0
21:03 INFO    :   mass_2 = 29.0
21:03 INFO    :   a_1 = 0.4
21:03 INFO    :   a_2 = 0.3
21:03 INFO    :   tilt_1 = 0.5
21:03 INFO    :   tilt_2 = 1.0
21:03 INFO    :   phi_12 = 1.7
21:03 INFO    :   phi_jl = 0.3
21:03 INFO    :   luminosity_distance = 410.0
21:03 INFO    :   theta_jn = 0.4
21:03 INFO    :   phase = 1.3
21:03 INFO    :   ra = 1.375
21:03 INFO    :   dec = 1.12108
21:03 INFO    :   psi = 2.659
21:03 INFO    :   lens_mass = 50.0
21:03 INFO    :   source_position = 0.1
21:03 INFO    :   lens_fractional_distance = 0.5
21:03 INFO    :   chirp_mass = 28.09555579546043
21:03 INFO    :   mass_ratio = 0.8055555555555556
21:03 INFO    :   geocent_time = 1126259642.413
21:03 INFO    : Injected signal in L1:
21:03 INFO    :   optimal SNR = nan
21:03 INFO    :   matched filter SNR = nan+nanj
21:03 INFO    :   mass_1 = 36.0
21:03 INFO    :   mass_2 = 29.0
21:03 INFO    :   a_1 = 0.4
21:03 INFO    :   a_2 = 0.3
21:03 INFO    :   tilt_1 = 0.5
21:03 INFO    :   tilt_2 = 1.0
21:03 INFO    :   phi_12 = 1.7
21:03 INFO    :   phi_jl = 0.3
21:03 INFO    :   luminosity_distance = 410.0
21:03 INFO    :   theta_jn = 0.4
21:03 INFO    :   phase = 1.3
21:03 INFO    :   ra = 1.375
21:03 INFO    :   dec = 1.12108
21:03 INFO    :   psi = 2.659
21:03 INFO    :   lens_mass = 50.0
21:03 INFO    :   source_position = 0.1
21:03 INFO    :   lens_fractional_distance = 0.5
21:03 INFO    :   chirp_mass = 28.09555579546043
21:03 INFO    :   mass_ratio = 0.8055555555555556
21:03 INFO    :   geocent_time = 1126259642.413
21:03 INFO    : Waveform generator initiated with
  frequency_domain_source_model: bilby.gw.source.lal_binary_black_hole
  time_domain_source_model: None
  parameter_conversion: bilby.gw.conversion.convert_to_lal_binary_black_hole_parameters
21:03 INFO    : Running for label 'example_unlensed', output will be saved to 'outdir_example'
21:03 INFO    : Using lal version 7.1.1.1
21:03 INFO    : Using lal git version Branch: None;Tag: None;Id: 75be38a420004cc50011e268b66a7ab05f83fc2b;;Builder: Unknown User <>;Repository status: UNCLEAN: Modified working tree
21:03 INFO    : Using lalsimulation version 2.5.0.1
21:03 INFO    : Using lalsimulation git version Branch: None;Tag: None;Id: 75be38a420004cc50011e268b66a7ab05f83fc2b;;Builder: Unknown User <>;Repository status: UNCLEAN: Modified working tree
21:03 INFO    : Search parameters:
21:03 INFO    :   chirp_mass = Uniform(minimum=22, maximum=80, name='chirp_mass', latex_label='$\\mathcal{M}$', unit='$M_{\\odot}$', boundary=None)
21:03 INFO    :   mass_ratio = Uniform(minimum=0.125, maximum=1, name='mass_ratio', latex_label='$q$', unit=None, boundary=None)
21:03 INFO    :   a_1 = Uniform(minimum=0, maximum=0.88, name='a_1', latex_label='$a_1$', unit=None, boundary=None)
21:03 INFO    :   a_2 = Uniform(minimum=0, maximum=0.88, name='a_2', latex_label='$a_2$', unit=None, boundary=None)
21:03 INFO    :   tilt_1 = Sine(minimum=0, maximum=3.141592653589793, name='tilt_1', latex_label='$\\theta_1$', unit=None, boundary=None)
21:03 INFO    :   tilt_2 = Sine(minimum=0, maximum=3.141592653589793, name='tilt_2', latex_label='$\\theta_2$', unit=None, boundary=None)
21:03 INFO    :   phi_12 = Uniform(minimum=0, maximum=6.283185307179586, name='phi_12', latex_label='$\\Delta\\phi$', unit=None, boundary='periodic')
21:03 INFO    :   phi_jl = Uniform(minimum=0, maximum=6.283185307179586, name='phi_jl', latex_label='$\\phi_{JL}$', unit=None, boundary='periodic')
21:03 INFO    :   luminosity_distance = PowerLaw(alpha=2, minimum=100.0, maximum=15000, name='luminosity_distance', latex_label='$d_L$', unit='Mpc', boundary=None)
21:03 INFO    :   dec = Cosine(minimum=-1.5707963267948966, maximum=1.5707963267948966, name='dec', latex_label='$\\mathrm{DEC}$', unit=None, boundary=None)
21:03 INFO    :   ra = Uniform(minimum=0, maximum=6.283185307179586, name='ra', latex_label='$\\mathrm{RA}$', unit=None, boundary='periodic')
21:03 INFO    :   theta_jn = Sine(minimum=0, maximum=3.141592653589793, name='theta_jn', latex_label='$\\theta_{JN}$', unit=None, boundary=None)
21:03 INFO    :   psi = Uniform(minimum=0, maximum=3.141592653589793, name='psi', latex_label='$\\psi$', unit=None, boundary='periodic')
21:03 INFO    :   phase = Uniform(minimum=0, maximum=6.283185307179586, name='phase', latex_label='$\\phi$', unit=None, boundary='periodic')
21:03 INFO    :   impact_parameter = Uniform(minimum=0, maximum=3.0, name='$y$', latex_label='$y$', unit=None, boundary=None)
21:03 INFO    :   mass_1 = Constraint(minimum=1.001398, maximum=1000, name='mass_1', latex_label='$m_1$', unit=None)
21:03 INFO    :   mass_2 = Constraint(minimum=1.001398, maximum=1000, name='mass_2', latex_label='$m_2$', unit=None)
21:03 INFO    :   lens_mass = 0
21:03 INFO    :   lens_fractional_distance = 0
21:03 INFO    :   source_position = 0
21:06 INFO    : Generating Lens Data
21:06 INFO    : Lens Data Generated
21:06 INFO    : Waveform generator initiated with
  frequency_domain_source_model: gravelamps.lensing.BBH_lensed_waveform
  time_domain_source_model: None
  parameter_conversion: bilby.gw.conversion.convert_to_lal_binary_black_hole_parameters
21:06 INFO    : Injected signal in H1:
21:06 INFO    :   optimal SNR = nan
21:06 INFO    :   matched filter SNR = nan+nanj
21:06 INFO    :   mass_1 = 36.0
21:06 INFO    :   mass_2 = 29.0
21:06 INFO    :   a_1 = 0.4
21:06 INFO    :   a_2 = 0.3
21:06 INFO    :   tilt_1 = 0.5
21:06 INFO    :   tilt_2 = 1.0
21:06 INFO    :   phi_12 = 1.7
21:06 INFO    :   phi_jl = 0.3
21:06 INFO    :   luminosity_distance = 410.0
21:06 INFO    :   theta_jn = 0.4
21:06 INFO    :   phase = 1.3
21:06 INFO    :   ra = 1.375
21:06 INFO    :   dec = 1.12108
21:06 INFO    :   psi = 2.659
21:06 INFO    :   lens_mass = 50.0
21:06 INFO    :   source_position = 0.1
21:06 INFO    :   lens_fractional_distance = 0.5
21:06 INFO    :   chirp_mass = 28.09555579546043
21:06 INFO    :   mass_ratio = 0.8055555555555556
21:06 INFO    :   geocent_time = 1126259642.413
21:06 INFO    : Injected signal in L1:
21:06 INFO    :   optimal SNR = nan
21:06 INFO    :   matched filter SNR = nan+nanj
21:06 INFO    :   mass_1 = 36.0
21:06 INFO    :   mass_2 = 29.0
21:06 INFO    :   a_1 = 0.4
21:06 INFO    :   a_2 = 0.3
21:06 INFO    :   tilt_1 = 0.5
21:06 INFO    :   tilt_2 = 1.0
21:06 INFO    :   phi_12 = 1.7
21:06 INFO    :   phi_jl = 0.3
21:06 INFO    :   luminosity_distance = 410.0
21:06 INFO    :   theta_jn = 0.4
21:06 INFO    :   phase = 1.3
21:06 INFO    :   ra = 1.375
21:06 INFO    :   dec = 1.12108
21:06 INFO    :   psi = 2.659
21:06 INFO    :   lens_mass = 50.0
21:06 INFO    :   source_position = 0.1
21:06 INFO    :   lens_fractional_distance = 0.5
21:06 INFO    :   chirp_mass = 28.09555579546043
21:06 INFO    :   mass_ratio = 0.8055555555555556
21:06 INFO    :   geocent_time = 1126259642.413
21:06 INFO    : Waveform generator initiated with
  frequency_domain_source_model: bilby.gw.source.lal_binary_black_hole
  time_domain_source_model: None
  parameter_conversion: bilby.gw.conversion.convert_to_lal_binary_black_hole_parameters
21:06 INFO    : Running for label 'example_unlensed', output will be saved to 'outdir_example'
21:06 INFO    : Using lal version 7.1.1.1
21:06 INFO    : Using lal git version Branch: None;Tag: None;Id: 75be38a420004cc50011e268b66a7ab05f83fc2b;;Builder: Unknown User <>;Repository status: UNCLEAN: Modified working tree
21:06 INFO    : Using lalsimulation version 2.5.0.1
21:06 INFO    : Using lalsimulation git version Branch: None;Tag: None;Id: 75be38a420004cc50011e268b66a7ab05f83fc2b;;Builder: Unknown User <>;Repository status: UNCLEAN: Modified working tree
21:06 INFO    : Search parameters:
21:06 INFO    :   chirp_mass = Uniform(minimum=22, maximum=80, name='chirp_mass', latex_label='$\\mathcal{M}$', unit='$M_{\\odot}$', boundary=None)
21:06 INFO    :   mass_ratio = Uniform(minimum=0.125, maximum=1, name='mass_ratio', latex_label='$q$', unit=None, boundary=None)
21:06 INFO    :   a_1 = Uniform(minimum=0, maximum=0.88, name='a_1', latex_label='$a_1$', unit=None, boundary=None)
21:06 INFO    :   a_2 = Uniform(minimum=0, maximum=0.88, name='a_2', latex_label='$a_2$', unit=None, boundary=None)
21:06 INFO    :   tilt_1 = Sine(minimum=0, maximum=3.141592653589793, name='tilt_1', latex_label='$\\theta_1$', unit=None, boundary=None)
21:06 INFO    :   tilt_2 = Sine(minimum=0, maximum=3.141592653589793, name='tilt_2', latex_label='$\\theta_2$', unit=None, boundary=None)
21:06 INFO    :   phi_12 = Uniform(minimum=0, maximum=6.283185307179586, name='phi_12', latex_label='$\\Delta\\phi$', unit=None, boundary='periodic')
21:06 INFO    :   phi_jl = Uniform(minimum=0, maximum=6.283185307179586, name='phi_jl', latex_label='$\\phi_{JL}$', unit=None, boundary='periodic')
21:06 INFO    :   luminosity_distance = PowerLaw(alpha=2, minimum=100.0, maximum=15000, name='luminosity_distance', latex_label='$d_L$', unit='Mpc', boundary=None)
21:06 INFO    :   dec = Cosine(minimum=-1.5707963267948966, maximum=1.5707963267948966, name='dec', latex_label='$\\mathrm{DEC}$', unit=None, boundary=None)
21:06 INFO    :   ra = Uniform(minimum=0, maximum=6.283185307179586, name='ra', latex_label='$\\mathrm{RA}$', unit=None, boundary='periodic')
21:06 INFO    :   theta_jn = Sine(minimum=0, maximum=3.141592653589793, name='theta_jn', latex_label='$\\theta_{JN}$', unit=None, boundary=None)
21:06 INFO    :   psi = Uniform(minimum=0, maximum=3.141592653589793, name='psi', latex_label='$\\psi$', unit=None, boundary='periodic')
21:06 INFO    :   phase = Uniform(minimum=0, maximum=6.283185307179586, name='phase', latex_label='$\\phi$', unit=None, boundary='periodic')
21:06 INFO    :   impact_parameter = Uniform(minimum=0, maximum=3.0, name='$y$', latex_label='$y$', unit=None, boundary=None)
21:06 INFO    :   geocent_time = Uniform(minimum=1126259640.413, maximum=1126259644.413, name=None, latex_label=None, unit=None, boundary=None)
21:06 INFO    :   mass_1 = Constraint(minimum=1.001398, maximum=1000, name='mass_1', latex_label='$m_1$', unit=None)
21:06 INFO    :   mass_2 = Constraint(minimum=1.001398, maximum=1000, name='mass_2', latex_label='$m_2$', unit=None)
21:06 INFO    :   lens_mass = 0
21:06 INFO    :   lens_fractional_distance = 0
21:06 INFO    :   source_position = 0
21:06 INFO    : Single likelihood evaluation took 2.706e-03 s
21:06 INFO    : Using sampler Dynesty with kwargs {'bound': 'multi', 'sample': 'rwalk', 'verbose': True, 'periodic': None, 'reflective': None, 'check_point_delta_t': 600, 'nlive': 1000, 'first_update': None, 'walks': 100, 'npdim': None, 'rstate': None, 'queue_size': 8, 'pool': None, 'use_pool': None, 'live_points': None, 'logl_args': None, 'logl_kwargs': None, 'ptform_args': None, 'ptform_kwargs': None, 'enlarge': 1.5, 'bootstrap': None, 'vol_dec': 0.5, 'vol_check': 8.0, 'facc': 0.2, 'slices': 5, 'update_interval': 600, 'print_func': <bound method Dynesty._print_func of <bilby.core.sampler.dynesty.Dynesty object at 0x7ff5e2f40cd0>>, 'dlogz': 0.1, 'maxiter': None, 'maxcall': None, 'logl_max': inf, 'add_live': True, 'print_progress': True, 'save_bounds': False, 'n_effective': None, 'maxmcmc': 5000, 'nact': 50}
21:06 INFO    : Checkpoint every check_point_delta_t = 600s
21:06 INFO    : Using dynesty version 1.0.1
21:06 INFO    : Using the bilby-implemented rwalk sample method with ACT estimated walks
21:06 INFO    : Setting up multiproccesing pool with 8 processes.
21:06 INFO    : Resume file outdir_example/example_unlensed_resume.pickle does not exist.
21:06 INFO    : Generating initial points from the prior
21:07 INFO    : Generating Lens Data
21:07 INFO    : Lens Data Generated
21:07 INFO    : Waveform generator initiated with
  frequency_domain_source_model: gravelamps.lensing.BBH_lensed_waveform
  time_domain_source_model: None
  parameter_conversion: bilby.gw.conversion.convert_to_lal_binary_black_hole_parameters
21:07 INFO    : Injected signal in H1:
21:07 INFO    :   optimal SNR = nan
21:07 INFO    :   matched filter SNR = nan+nanj
21:07 INFO    :   mass_1 = 36.0
21:07 INFO    :   mass_2 = 29.0
21:07 INFO    :   a_1 = 0.4
21:07 INFO    :   a_2 = 0.3
21:07 INFO    :   tilt_1 = 0.5
21:07 INFO    :   tilt_2 = 1.0
21:07 INFO    :   phi_12 = 1.7
21:07 INFO    :   phi_jl = 0.3
21:07 INFO    :   luminosity_distance = 410.0
21:07 INFO    :   theta_jn = 0.4
21:07 INFO    :   phase = 1.3
21:07 INFO    :   ra = 1.375
21:07 INFO    :   dec = 1.12108
21:07 INFO    :   psi = 2.659
21:07 INFO    :   lens_mass = 50.0
21:07 INFO    :   source_position = 0.1
21:07 INFO    :   lens_fractional_distance = 0.5
21:07 INFO    :   chirp_mass = 28.09555579546043
21:07 INFO    :   mass_ratio = 0.8055555555555556
21:07 INFO    :   geocent_time = 1126259642.413
21:07 INFO    : Injected signal in L1:
21:07 INFO    :   optimal SNR = nan
21:07 INFO    :   matched filter SNR = nan+nanj
21:07 INFO    :   mass_1 = 36.0
21:07 INFO    :   mass_2 = 29.0
21:07 INFO    :   a_1 = 0.4
21:07 INFO    :   a_2 = 0.3
21:07 INFO    :   tilt_1 = 0.5
21:07 INFO    :   tilt_2 = 1.0
21:07 INFO    :   phi_12 = 1.7
21:07 INFO    :   phi_jl = 0.3
21:07 INFO    :   luminosity_distance = 410.0
21:07 INFO    :   theta_jn = 0.4
21:07 INFO    :   phase = 1.3
21:07 INFO    :   ra = 1.375
21:07 INFO    :   dec = 1.12108
21:07 INFO    :   psi = 2.659
21:07 INFO    :   lens_mass = 50.0
21:07 INFO    :   source_position = 0.1
21:07 INFO    :   lens_fractional_distance = 0.5
21:07 INFO    :   chirp_mass = 28.09555579546043
21:07 INFO    :   mass_ratio = 0.8055555555555556
21:07 INFO    :   geocent_time = 1126259642.413
21:07 INFO    : Waveform generator initiated with
  frequency_domain_source_model: bilby.gw.source.lal_binary_black_hole
  time_domain_source_model: None
  parameter_conversion: bilby.gw.conversion.convert_to_lal_binary_black_hole_parameters
21:07 INFO    : Running for label 'example_unlensed', output will be saved to 'outdir_example'
21:07 INFO    : Using lal version 7.1.1.1
21:07 INFO    : Using lal git version Branch: None;Tag: None;Id: 75be38a420004cc50011e268b66a7ab05f83fc2b;;Builder: Unknown User <>;Repository status: UNCLEAN: Modified working tree
21:07 INFO    : Using lalsimulation version 2.5.0.1
21:07 INFO    : Using lalsimulation git version Branch: None;Tag: None;Id: 75be38a420004cc50011e268b66a7ab05f83fc2b;;Builder: Unknown User <>;Repository status: UNCLEAN: Modified working tree
21:07 INFO    : Search parameters:
21:07 INFO    :   chirp_mass = Uniform(minimum=22, maximum=80, name='chirp_mass', latex_label='$\\mathcal{M}$', unit='$M_{\\odot}$', boundary=None)
21:07 INFO    :   mass_ratio = Uniform(minimum=0.125, maximum=1, name='mass_ratio', latex_label='$q$', unit=None, boundary=None)
21:07 INFO    :   a_1 = Uniform(minimum=0, maximum=0.88, name='a_1', latex_label='$a_1$', unit=None, boundary=None)
21:07 INFO    :   a_2 = Uniform(minimum=0, maximum=0.88, name='a_2', latex_label='$a_2$', unit=None, boundary=None)
21:07 INFO    :   tilt_1 = Sine(minimum=0, maximum=3.141592653589793, name='tilt_1', latex_label='$\\theta_1$', unit=None, boundary=None)
21:07 INFO    :   tilt_2 = Sine(minimum=0, maximum=3.141592653589793, name='tilt_2', latex_label='$\\theta_2$', unit=None, boundary=None)
21:07 INFO    :   phi_12 = Uniform(minimum=0, maximum=6.283185307179586, name='phi_12', latex_label='$\\Delta\\phi$', unit=None, boundary='periodic')
21:07 INFO    :   phi_jl = Uniform(minimum=0, maximum=6.283185307179586, name='phi_jl', latex_label='$\\phi_{JL}$', unit=None, boundary='periodic')
21:07 INFO    :   luminosity_distance = PowerLaw(alpha=2, minimum=100.0, maximum=15000, name='luminosity_distance', latex_label='$d_L$', unit='Mpc', boundary=None)
21:07 INFO    :   dec = Cosine(minimum=-1.5707963267948966, maximum=1.5707963267948966, name='dec', latex_label='$\\mathrm{DEC}$', unit=None, boundary=None)
21:07 INFO    :   ra = Uniform(minimum=0, maximum=6.283185307179586, name='ra', latex_label='$\\mathrm{RA}$', unit=None, boundary='periodic')
21:07 INFO    :   theta_jn = Sine(minimum=0, maximum=3.141592653589793, name='theta_jn', latex_label='$\\theta_{JN}$', unit=None, boundary=None)
21:07 INFO    :   psi = Uniform(minimum=0, maximum=3.141592653589793, name='psi', latex_label='$\\psi$', unit=None, boundary='periodic')
21:07 INFO    :   phase = Uniform(minimum=0, maximum=6.283185307179586, name='phase', latex_label='$\\phi$', unit=None, boundary='periodic')
21:07 INFO    :   impact_parameter = Uniform(minimum=0, maximum=3.0, name='$y$', latex_label='$y$', unit=None, boundary=None)
21:07 INFO    :   geocent_time = Uniform(minimum=1126259640.413, maximum=1126259644.413, name=None, latex_label=None, unit=None, boundary=None)
21:07 INFO    :   mass_1 = Constraint(minimum=1.001398, maximum=1000, name='mass_1', latex_label='$m_1$', unit=None)
21:07 INFO    :   mass_2 = Constraint(minimum=1.001398, maximum=1000, name='mass_2', latex_label='$m_2$', unit=None)
21:07 INFO    :   lens_mass = 0
21:07 INFO    :   lens_fractional_distance = 0
21:07 INFO    :   source_position = 0
21:07 INFO    : Single likelihood evaluation took 2.080e-03 s
21:07 INFO    : Using sampler Dynesty with kwargs {'bound': 'multi', 'sample': 'rwalk', 'verbose': True, 'periodic': None, 'reflective': None, 'check_point_delta_t': 600, 'nlive': 1000, 'first_update': None, 'walks': 100, 'npdim': None, 'rstate': None, 'queue_size': 8, 'pool': None, 'use_pool': None, 'live_points': None, 'logl_args': None, 'logl_kwargs': None, 'ptform_args': None, 'ptform_kwargs': None, 'enlarge': 1.5, 'bootstrap': None, 'vol_dec': 0.5, 'vol_check': 8.0, 'facc': 0.2, 'slices': 5, 'update_interval': 600, 'print_func': <bound method Dynesty._print_func of <bilby.core.sampler.dynesty.Dynesty object at 0x7fcb318a08b0>>, 'dlogz': 0.1, 'maxiter': None, 'maxcall': None, 'logl_max': inf, 'add_live': True, 'print_progress': True, 'save_bounds': False, 'n_effective': None, 'maxmcmc': 5000, 'nact': 50}
21:07 INFO    : Checkpoint every check_point_delta_t = 600s
21:07 INFO    : Using dynesty version 1.0.1
21:07 INFO    : Using the bilby-implemented rwalk sample method with ACT estimated walks
21:07 INFO    : Setting up multiproccesing pool with 8 processes.
21:07 INFO    : Resume file outdir_example/example_unlensed_resume.pickle does not exist.
21:07 INFO    : Generating initial points from the prior
